=== BOOTSTRAP MODE: Collecting last 7 days ===
[get_json] Quota/rate error: reason=quotaExceeded message=The request cannot be completed because you have exceeded your <a href="/youtube/v3/getting-started#quota">quota</a>.
[api-key] Rotating to key #2/6
[get_json] Quota/rate error: reason=quotaExceeded message=The request cannot be completed because you have exceeded your <a href="/youtube/v3/getting-started#quota">quota</a>.
[api-key] Rotating to key #3/6
[get_json] Quota/rate error: reason=quotaExceeded message=The request cannot be completed because you have exceeded your <a href="/youtube/v3/getting-started#quota">quota</a>.
[api-key] Rotating to key #4/6
[get_json] Quota/rate error: reason=quotaExceeded message=The request cannot be completed because you have exceeded your <a href="/youtube/v3/getting-started#quota">quota</a>.
[api-key] Rotating to key #5/6
[get_json] Quota/rate error: reason=quotaExceeded message=The request cannot be completed because you have exceeded your <a href="/youtube/v3/getting-started#quota">quota</a>.
[api-key] Rotating to key #6/6
[get_json] Quota/rate error: reason=quotaExceeded message=The request cannot be completed because you have exceeded your <a href="/youtube/v3/getting-started#quota">quota</a>.
[search] Quota/rate for query 'nan' (lang=en): YouTube API 403: reason=quotaExceeded message=The request cannot be completed because you have exceeded your <a href="/youtube/v3/getting-started#quota">quota</a>.. Truncating search.
[get_json] Quota/rate error: reason=quotaExceeded message=The request cannot be completed because you have exceeded your <a href="/youtube/v3/getting-started#quota">quota</a>.
[search] Quota/rate for query 'nan' (lang=ko): YouTube API 403: reason=quotaExceeded message=The request cannot be completed because you have exceeded your <a href="/youtube/v3/getting-started#quota">quota</a>.. Truncating search.
[get_json] Quota/rate error: reason=quotaExceeded message=The request cannot be completed because you have exceeded your <a href="/youtube/v3/getting-started#quota">quota</a>.
Traceback (most recent call last):
  File "/Users/sanghoonjung/PycharmProjects/PythonProject/youtube_rolling3/beauty/script/beauty_rolling_gathering.py", line 622, in <module>
    main()
  File "/Users/sanghoonjung/PycharmProjects/PythonProject/youtube_rolling3/beauty/script/beauty_rolling_gathering.py", line 618, in main
    run_once(T, bootstrap=bootstrap)
  File "/Users/sanghoonjung/PycharmProjects/PythonProject/youtube_rolling3/beauty/script/beauty_rolling_gathering.py", line 560, in run_once
    new_reg = discover_for_day(d, kw_map)
  File "/Users/sanghoonjung/PycharmProjects/PythonProject/youtube_rolling3/beauty/script/beauty_rolling_gathering.py", line 378, in discover_for_day
    id2det = yt_videos_details(vids) if vids else {}
  File "/Users/sanghoonjung/PycharmProjects/PythonProject/youtube_rolling3/beauty/script/beauty_rolling_gathering.py", line 279, in yt_videos_details
    data = get_json(f"{BASE}/videos", params)
  File "/Users/sanghoonjung/PycharmProjects/PythonProject/youtube_rolling3/beauty/script/beauty_rolling_gathering.py", line 209, in get_json
    raise RuntimeError(f"YouTube API {resp.status_code}: reason={reason} message={message}")
RuntimeError: YouTube API 403: reason=quotaExceeded message=The request cannot be completed because you have exceeded your <a href="/youtube/v3/getting-started#quota">quota</a>.
