=== BOOTSTRAP MODE: Collecting last 7 days ===
[get_json] Quota/rate error: reason=quotaExceeded message=The request cannot be completed because you have exceeded your <a href="/youtube/v3/getting-started#quota">quota</a>.
[api-key] Rotating to key #2/6
[get_json] Quota/rate error: reason=quotaExceeded message=The request cannot be completed because you have exceeded your <a href="/youtube/v3/getting-started#quota">quota</a>.
[api-key] Rotating to key #3/6
[get_json] Quota/rate error: reason=quotaExceeded message=The request cannot be completed because you have exceeded your <a href="/youtube/v3/getting-started#quota">quota</a>.
[api-key] Rotating to key #4/6
[get_json] Quota/rate error: reason=quotaExceeded message=The request cannot be completed because you have exceeded your <a href="/youtube/v3/getting-started#quota">quota</a>.
[api-key] Rotating to key #5/6
[get_json] Quota/rate error: reason=quotaExceeded message=The request cannot be completed because you have exceeded your <a href="/youtube/v3/getting-started#quota">quota</a>.
[api-key] Rotating to key #6/6
Traceback (most recent call last):
  File "/Users/sanghoonjung/PycharmProjects/PythonProject/youtube_rolling3/fnb/script/fnb_rolling_gathering.py", line 622, in <module>
    main()
  File "/Users/sanghoonjung/PycharmProjects/PythonProject/youtube_rolling3/fnb/script/fnb_rolling_gathering.py", line 618, in main
    run_once(T, bootstrap=bootstrap)
  File "/Users/sanghoonjung/PycharmProjects/PythonProject/youtube_rolling3/fnb/script/fnb_rolling_gathering.py", line 560, in run_once
    new_reg = discover_for_day(d, kw_map)
  File "/Users/sanghoonjung/PycharmProjects/PythonProject/youtube_rolling3/fnb/script/fnb_rolling_gathering.py", line 365, in discover_for_day
    for item in yt_search_pages(term, after, before):
  File "/Users/sanghoonjung/PycharmProjects/PythonProject/youtube_rolling3/fnb/script/fnb_rolling_gathering.py", line 255, in yt_search_pages
    for it in data.get("items", []):
AttributeError: 'NoneType' object has no attribute 'get'
